<?xml version="1.0" encoding="UTF-8"?>
<!-- Generated by org.testng.reporters.JUnitXMLReporter -->
<testsuite hostname="105344-005L" ignored="0" name="Default test" tests="7" failures="0" timestamp="30 Jan 2023 08:39:36 GMT" time="35.737" errors="0">
  <testcase name="tc_CreateBooking" time="4.451" classname="com.automation.aproject.TS_WebService"/>
  <testcase name="tc_CreateBooking" time="1.662" classname="com.automation.aproject.TS_WebService"/>
  <testcase name="tc_CreateBooking" time="1.674" classname="com.automation.aproject.TS_WebService"/>
  <testcase name="tc_CreateBooking" time="1.671" classname="com.automation.aproject.TS_WebService"/>
  <testcase name="tc_CreateBooking" time="1.647" classname="com.automation.aproject.TS_WebService"/>
  <testcase name="tc_CreateBooking" time="1.596" classname="com.automation.aproject.TS_WebService"/>
  <testcase name="tc_CreateBooking" time="1.583" classname="com.automation.aproject.TS_WebService"/>
</testsuite> <!-- Default test -->
